<?xml version="1.0" encoding="UTF-8"?>
<!-- Generated by org.testng.reporters.JUnitReportReporter -->
<testsuite hostname="TYSS-Aniruddha-Das" failures="0" tests="2" name="sampleTestNgProgram.Program1" time="0.020" errors="0" timestamp="2024-04-29T21:23:04 IST" skipped="0">
  <testcase classname="sampleTestNgProgram.Program1" name="create" time="0.015"/>
  <system-out/>
  <testcase classname="sampleTestNgProgram.Program1" name="delete" time="0.005"/>
  <system-out/>
</testsuite> <!-- sampleTestNgProgram.Program1 -->
